

*******************************************************************************
Wed Apr 10 16:28:40 2024


FIT:    data read from "density_g12_ylin.dat"
        format = z
        #datapoints = 196388
        residuals are weighted equally (unit weight)

function used for fitting: f(t,p)
	f(t,p) = a*t + b*p + c
fitted parameters initialized with current variable values



*******************************************************************************
Wed Apr 10 16:28:59 2024


FIT:    data read from "density_g12_ylin.dat"
        format = z
        #datapoints = 196388
        residuals are weighted equally (unit weight)

function used for fitting: f(x,y)
	f(x,y) = a*x + b*y + c
fitted parameters initialized with current variable values

iter      chisq       delta/lim  lambda   a             b             c            
   0 1.2162769657e+22   0.00e+00  1.36e+02    1.000000e+00   1.000000e+00   1.000000e+00
BREAK: Singular matrix in Invert_RtR